c:\users\sam hallam\desktop\csce 491\simulator\sph_simulator\simulator_2\sph_simulator.dir\release\main.obj
c:\users\sam hallam\desktop\csce 491\simulator\sph_simulator\simulator_2\sph_simulator.dir\release\imgui_stdlib.obj
c:\users\sam hallam\desktop\csce 491\simulator\sph_simulator\simulator_2\sph_simulator.dir\release\imgui_widgets.obj
c:\users\sam hallam\desktop\csce 491\simulator\sph_simulator\simulator_2\sph_simulator.dir\release\imgui_tables.obj
c:\users\sam hallam\desktop\csce 491\simulator\sph_simulator\simulator_2\sph_simulator.dir\release\imgui_draw.obj
c:\users\sam hallam\desktop\csce 491\simulator\sph_simulator\simulator_2\sph_simulator.dir\release\imgui.obj
c:\users\sam hallam\desktop\csce 491\simulator\sph_simulator\simulator_2\sph_simulator.dir\release\imgui_impl_opengl3.obj
c:\users\sam hallam\desktop\csce 491\simulator\sph_simulator\simulator_2\sph_simulator.dir\release\imgui_impl_glfw.obj
c:\users\sam hallam\desktop\csce 491\simulator\sph_simulator\simulator_2\sph_simulator.dir\release\shape.obj
c:\users\sam hallam\desktop\csce 491\simulator\sph_simulator\simulator_2\sph_simulator.dir\release\program.obj
c:\users\sam hallam\desktop\csce 491\simulator\sph_simulator\simulator_2\sph_simulator.dir\release\matrixstack.obj
c:\users\sam hallam\desktop\csce 491\simulator\sph_simulator\simulator_2\sph_simulator.dir\release\glsl.obj
c:\users\sam hallam\desktop\csce 491\simulator\sph_simulator\simulator_2\x64\release\cuda_kernel.cu.obj
c:\users\sam hallam\desktop\csce 491\simulator\sph_simulator\simulator_2\x64\release\main.cu.obj
c:\users\sam hallam\desktop\csce 491\simulator\sph_simulator\simulator_2\x64\release\cuda_kernel.cuh.obj
c:\users\sam hallam\desktop\csce 491\simulator\sph_simulator\simulator_2\cmakefiles\generate.stamp
c:\users\sam hallam\desktop\csce 491\simulator\sph_simulator\simulator_2\sph_simulator.dir\release\cuda_kernel.cu.cache
c:\users\sam hallam\desktop\csce 491\simulator\sph_simulator\simulator_2\sph_simulator.dir\release\cuda_kernel.cuh.cache
c:\users\sam hallam\desktop\csce 491\simulator\sph_simulator\simulator_2\sph_simulator.dir\release\main.cu.cache
c:\users\sam hallam\desktop\csce 491\simulator\sph_simulator\simulator_2\sph_simulator.dir\release\sph_simulator.tlog\cl.command.1.tlog
c:\users\sam hallam\desktop\csce 491\simulator\sph_simulator\simulator_2\sph_simulator.dir\release\sph_simulator.tlog\cl.read.1.tlog
c:\users\sam hallam\desktop\csce 491\simulator\sph_simulator\simulator_2\sph_simulator.dir\release\sph_simulator.tlog\cl.write.1.tlog
c:\users\sam hallam\desktop\csce 491\simulator\sph_simulator\simulator_2\sph_simulator.dir\release\sph_simulator.tlog\cudacompile.read.1u.tlog
c:\users\sam hallam\desktop\csce 491\simulator\sph_simulator\simulator_2\sph_simulator.dir\release\sph_simulator.tlog\cudacompile.write.1u.tlog
c:\users\sam hallam\desktop\csce 491\simulator\sph_simulator\simulator_2\sph_simulator.dir\release\sph_simulator.tlog\custombuild.command.1.tlog
c:\users\sam hallam\desktop\csce 491\simulator\sph_simulator\simulator_2\sph_simulator.dir\release\sph_simulator.tlog\custombuild.read.1.tlog
c:\users\sam hallam\desktop\csce 491\simulator\sph_simulator\simulator_2\sph_simulator.dir\release\sph_simulator.tlog\custombuild.write.1.tlog
c:\users\sam hallam\desktop\csce 491\simulator\sph_simulator\simulator_2\sph_simulator.dir\release\sph_simulator.tlog\link-cvtres.read.1.tlog
c:\users\sam hallam\desktop\csce 491\simulator\sph_simulator\simulator_2\sph_simulator.dir\release\sph_simulator.tlog\link-cvtres.write.1.tlog
c:\users\sam hallam\desktop\csce 491\simulator\sph_simulator\simulator_2\sph_simulator.dir\release\sph_simulator.tlog\link-rc.read.1.tlog
c:\users\sam hallam\desktop\csce 491\simulator\sph_simulator\simulator_2\sph_simulator.dir\release\sph_simulator.tlog\link-rc.write.1.tlog
c:\users\sam hallam\desktop\csce 491\simulator\sph_simulator\simulator_2\sph_simulator.dir\release\sph_simulator.tlog\link.command.1.tlog
c:\users\sam hallam\desktop\csce 491\simulator\sph_simulator\simulator_2\sph_simulator.dir\release\sph_simulator.tlog\link.read.1.tlog
c:\users\sam hallam\desktop\csce 491\simulator\sph_simulator\simulator_2\sph_simulator.dir\release\sph_simulator.tlog\link.write.1.tlog
