  main.cpp
C:\Users\Sam Hallam\Desktop\CSCE 491\Simulator\SPH_Simulator\src\Kernel.h(25,22): warning C4244: 'initializing': conversion from 'double' to 'float', possible loss of data
C:\Users\Sam Hallam\Desktop\CSCE 491\Simulator\SPH_Simulator\src\Kernel.h(55,22): warning C4244: 'initializing': conversion from 'double' to 'float', possible loss of data
C:\Users\Sam Hallam\Desktop\CSCE 491\Simulator\SPH_Simulator\src\Kernel.h(69,22): warning C4244: 'initializing': conversion from 'double' to 'float', possible loss of data
C:\Users\Sam Hallam\Desktop\CSCE 491\Simulator\SPH_Simulator\src\Kernel.h(82,22): warning C4244: 'initializing': conversion from 'double' to 'float', possible loss of data
C:\Users\Sam Hallam\Desktop\CSCE 491\Simulator\SPH_Simulator\src\Kernel.h(95,22): warning C4244: 'initializing': conversion from 'double' to 'float', possible loss of data
C:\Users\Sam Hallam\Desktop\CSCE 491\Simulator\SPH_Simulator\src\Kernel.h(115,22): warning C4244: 'initializing': conversion from 'double' to 'float', possible loss of data
C:\Users\Sam Hallam\Desktop\CSCE 491\Simulator\SPH_Simulator\src\Kernel.h(142,22): warning C4244: 'initializing': conversion from 'double' to 'float', possible loss of data
C:\Users\Sam Hallam\Desktop\CSCE 491\Simulator\SPH_Simulator\src\Kernel.h(148,43): warning C4244: '=': conversion from 'double' to 'float', possible loss of data
C:\Users\Sam Hallam\Desktop\CSCE 491\Simulator\SPH_Simulator\src\Kernel.h(169,22): warning C4244: 'initializing': conversion from 'double' to 'float', possible loss of data
C:\Users\Sam Hallam\Desktop\CSCE 491\Simulator\SPH_Simulator\src\Kernel.h(172,22): warning C4244: '=': conversion from 'double' to 'float', possible loss of data
C:\Users\Sam Hallam\Desktop\CSCE 491\Simulator\SPH_Simulator\src\main.cpp(195,17): warning C4244: '=': conversion from 'double' to 'T', possible loss of data
          with
          [
              T=float
          ]
C:\Users\Sam Hallam\Desktop\CSCE 491\Simulator\SPH_Simulator\src\main.cpp(196,17): warning C4244: '=': conversion from 'double' to 'T', possible loss of data
          with
          [
              T=float
          ]
C:\Users\Sam Hallam\Desktop\CSCE 491\Simulator\SPH_Simulator\src\main.cpp(242,68): warning C4244: 'argument': conversion from 'int' to 'float', possible loss of data
C:\Users\Sam Hallam\Desktop\CSCE 491\Simulator\SPH_Simulator\src\main.cpp(244,12): warning C4244: 'initializing': conversion from 'float' to 'int', possible loss of data
C:\Users\Sam Hallam\Desktop\CSCE 491\Simulator\SPH_Simulator\src\main.cpp(246,12): warning C4244: 'initializing': conversion from 'float' to 'int', possible loss of data
C:\Users\Sam Hallam\Desktop\CSCE 491\Simulator\SPH_Simulator\src\main.cpp(248,12): warning C4244: 'initializing': conversion from 'float' to 'int', possible loss of data
C:\Users\Sam Hallam\Desktop\CSCE 491\Simulator\SPH_Simulator\src\main.cpp(250,13): warning C4244: 'initializing': conversion from 'float' to 'int', possible loss of data
C:\Users\Sam Hallam\Desktop\CSCE 491\Simulator\SPH_Simulator\src\main.cpp(263,22): warning C4244: 'initializing': conversion from 'double' to 'float', possible loss of data
C:\Users\Sam Hallam\Desktop\CSCE 491\Simulator\SPH_Simulator\src\main.cpp(266,23): warning C4244: '+=': conversion from 'double' to 'float', possible loss of data
C:\Users\Sam Hallam\Desktop\CSCE 491\Simulator\SPH_Simulator\src\main.cpp(299,68): warning C4244: 'argument': conversion from 'int' to 'float', possible loss of data
C:\Users\Sam Hallam\Desktop\CSCE 491\Simulator\SPH_Simulator\src\main.cpp(301,12): warning C4244: 'initializing': conversion from 'float' to 'int', possible loss of data
C:\Users\Sam Hallam\Desktop\CSCE 491\Simulator\SPH_Simulator\src\main.cpp(303,12): warning C4244: 'initializing': conversion from 'float' to 'int', possible loss of data
C:\Users\Sam Hallam\Desktop\CSCE 491\Simulator\SPH_Simulator\src\main.cpp(305,12): warning C4244: 'initializing': conversion from 'float' to 'int', possible loss of data
C:\Users\Sam Hallam\Desktop\CSCE 491\Simulator\SPH_Simulator\src\main.cpp(307,13): warning C4244: 'initializing': conversion from 'float' to 'int', possible loss of data
C:\Users\Sam Hallam\Desktop\CSCE 491\Simulator\SPH_Simulator\src\main.cpp(326,24): warning C4244: '+=': conversion from 'double' to 'float', possible loss of data
C:\Users\Sam Hallam\Desktop\CSCE 491\Simulator\SPH_Simulator\src\main.cpp(350,72): warning C4267: 'initializing': conversion from 'size_t' to 'int', possible loss of data
C:\Users\Sam Hallam\Desktop\CSCE 491\Simulator\SPH_Simulator\src\main.cpp(361,15): warning C4244: 'initializing': conversion from 'double' to 'float', possible loss of data
C:\Users\Sam Hallam\Desktop\CSCE 491\Simulator\SPH_Simulator\src\main.cpp(371,15): warning C4244: '=': conversion from 'double' to 'float', possible loss of data
C:\Users\Sam Hallam\Desktop\CSCE 491\Simulator\SPH_Simulator\src\main.cpp(372,15): warning C4244: '=': conversion from 'double' to 'float', possible loss of data
C:\Users\Sam Hallam\Desktop\CSCE 491\Simulator\SPH_Simulator\src\main.cpp(373,15): warning C4244: '=': conversion from 'double' to 'float', possible loss of data
C:\Users\Sam Hallam\Desktop\CSCE 491\Simulator\SPH_Simulator\src\main.cpp(403,12): warning C4244: 'initializing': conversion from 'float' to 'int', possible loss of data
C:\Users\Sam Hallam\Desktop\CSCE 491\Simulator\SPH_Simulator\src\main.cpp(404,12): warning C4244: 'initializing': conversion from 'float' to 'int', possible loss of data
C:\Users\Sam Hallam\Desktop\CSCE 491\Simulator\SPH_Simulator\src\main.cpp(414,13): warning C4244: 'initializing': conversion from 'int' to 'float', possible loss of data
C:\Users\Sam Hallam\Desktop\CSCE 491\Simulator\SPH_Simulator\src\main.cpp(415,13): warning C4244: 'initializing': conversion from 'int' to 'float', possible loss of data
C:\Users\Sam Hallam\Desktop\CSCE 491\Simulator\SPH_Simulator\src\main.cpp(416,13): warning C4244: 'initializing': conversion from 'int' to 'float', possible loss of data
C:\Users\Sam Hallam\Desktop\CSCE 491\Simulator\SPH_Simulator\src\main.cpp(551,16): warning C4244: 'initializing': conversion from 'int' to 'float', possible loss of data
C:\Users\Sam Hallam\Desktop\CSCE 491\Simulator\SPH_Simulator\src\main.cpp(907,27): warning C4244: 'initializing': conversion from 'double' to 'float', possible loss of data
C:\Users\Sam Hallam\Desktop\CSCE 491\Simulator\SPH_Simulator\src\main.cpp(943,27): warning C4244: 'initializing': conversion from 'double' to 'float', possible loss of data
C:\Users\Sam Hallam\Desktop\CSCE 491\Simulator\SPH_Simulator\src\main.cpp(1237,70): warning C4244: 'argument': conversion from 'int' to 'float', possible loss of data
C:\Users\Sam Hallam\Desktop\CSCE 491\Simulator\SPH_Simulator\src\main.cpp(1277,70): warning C4244: 'argument': conversion from 'int' to 'float', possible loss of data
C:\Users\Sam Hallam\Desktop\CSCE 491\Simulator\SPH_Simulator\src\main.cpp(1362,18): warning C4244: 'initializing': conversion from 'double' to 'float', possible loss of data
C:\Users\Sam Hallam\Desktop\CSCE 491\Simulator\SPH_Simulator\src\main.cpp(1379,19): warning C4244: 'initializing': conversion from 'double' to 'float', possible loss of data
C:\Users\Sam Hallam\Desktop\CSCE 491\Simulator\SPH_Simulator\src\nanoflann.hpp(1552,43): warning C4267: '=': conversion from 'size_t' to '_Ty', possible loss of data
          with
          [
              _Ty=std::seed_seq::result_type
          ]
C:\Users\Sam Hallam\Desktop\CSCE 491\Simulator\SPH_Simulator\src\nanoflann.hpp(1548): message : while compiling class template member function 'void nanoflann::KDTreeSingleIndexAdaptor<nanoflann::L2_Simple_Adaptor<float,PointCloud<float>,T,uint32_t>,PointCloud<T>,3,uint32_t>::init_vind(void)'
          with
          [
              T=float
          ]
C:\Users\Sam Hallam\Desktop\CSCE 491\Simulator\SPH_Simulator\src\nanoflann.hpp(1417): message : see reference to function template instantiation 'void nanoflann::KDTreeSingleIndexAdaptor<nanoflann::L2_Simple_Adaptor<float,PointCloud<float>,T,uint32_t>,PointCloud<T>,3,uint32_t>::init_vind(void)' being compiled
          with
          [
              T=float
          ]
C:\Users\Sam Hallam\Desktop\CSCE 491\Simulator\SPH_Simulator\src\main.cpp(571): message : see reference to class template instantiation 'nanoflann::KDTreeSingleIndexAdaptor<nanoflann::L2_Simple_Adaptor<float,PointCloud<float>,T,uint32_t>,PointCloud<T>,3,uint32_t>' being compiled
          with
          [
              T=float
          ]
LINK : warning LNK4098: defaultlib 'LIBCMT' conflicts with use of other libs; use /NODEFAULTLIB:library
  SPH_Simulator.vcxproj -> C:\Users\Sam Hallam\Desktop\CSCE 491\Simulator\SPH_Simulator\simulator_2\Release\SPH_Simulator.exe
