  Building Custom Rule C:/Users/Sam Hallam/Desktop/CSCE 491/Simulator/CMakeLists.txt
  GLSL.cpp
  MatrixStack.cpp
  Program.cpp
  Shape.cpp
  main.cpp
C:\Users\Sam Hallam\Desktop\CSCE 491\Simulator\src\main.cpp(104,17): warning C4244: '=': conversion from 'double' to 'T', possible loss of data
          with
          [
              T=float
          ]
C:\Users\Sam Hallam\Desktop\CSCE 491\Simulator\src\main.cpp(105,17): warning C4244: '=': conversion from 'double' to 'T', possible loss of data
          with
          [
              T=float
          ]
C:\Users\Sam Hallam\Desktop\CSCE 491\Simulator\src\main.cpp(118,12): warning C4244: 'initializing': conversion from 'float' to 'int', possible loss of data
C:\Users\Sam Hallam\Desktop\CSCE 491\Simulator\src\main.cpp(119,12): warning C4244: 'initializing': conversion from 'float' to 'int', possible loss of data
C:\Users\Sam Hallam\Desktop\CSCE 491\Simulator\src\main.cpp(137,44): warning C4244: 'argument': conversion from 'int' to 'T', possible loss of data
          with
          [
              T=float
          ]
C:\Users\Sam Hallam\Desktop\CSCE 491\Simulator\src\main.cpp(137,41): warning C4244: 'argument': conversion from 'int' to 'T', possible loss of data
          with
          [
              T=float
          ]
C:\Users\Sam Hallam\Desktop\CSCE 491\Simulator\src\main.cpp(137,38): warning C4244: 'argument': conversion from 'int' to 'T', possible loss of data
          with
          [
              T=float
          ]
C:\Users\Sam Hallam\Desktop\CSCE 491\Simulator\src\main.cpp(259,20): warning C4244: 'initializing': conversion from 'double' to 'float', possible loss of data
C:\Users\Sam Hallam\Desktop\CSCE 491\Simulator\src\main.cpp(287,20): warning C4244: 'initializing': conversion from 'double' to 'float', possible loss of data
C:\Users\Sam Hallam\Desktop\CSCE 491\Simulator\src\main.cpp(328,20): warning C4244: 'initializing': conversion from 'double' to 'float', possible loss of data
C:\Users\Sam Hallam\Desktop\CSCE 491\Simulator\src\main.cpp(542,18): warning C4244: 'initializing': conversion from 'double' to 'float', possible loss of data
C:\Users\Sam Hallam\Desktop\CSCE 491\Simulator\src\main.cpp(549,18): warning C4244: 'initializing': conversion from 'double' to 'float', possible loss of data
  Generating Code...
glew32s.lib(glew.obj) : warning LNK4099: PDB 'vc120.pdb' was not found with 'glew32s.lib(glew.obj)' or at 'C:\Users\Sam Hallam\Desktop\CSCE 491\Simulator\simulator\RelWithDebInfo\vc120.pdb'; linking object as if no debug info
LINK : warning LNK4098: defaultlib 'LIBCMT' conflicts with use of other libs; use /NODEFAULTLIB:library
  SPH_Simulator.vcxproj -> C:\Users\Sam Hallam\Desktop\CSCE 491\Simulator\simulator\RelWithDebInfo\SPH_Simulator.exe
