  main.cpp
C:\Users\Sam Hallam\Desktop\CSCE 491\Simulator\src\main.cpp(117,17): warning C4244: '=': conversion from 'double' to 'T', possible loss of data
          with
          [
              T=float
          ]
C:\Users\Sam Hallam\Desktop\CSCE 491\Simulator\src\main.cpp(118,17): warning C4244: '=': conversion from 'double' to 'T', possible loss of data
          with
          [
              T=float
          ]
C:\Users\Sam Hallam\Desktop\CSCE 491\Simulator\src\main.cpp(131,12): warning C4244: 'initializing': conversion from 'float' to 'int', possible loss of data
C:\Users\Sam Hallam\Desktop\CSCE 491\Simulator\src\main.cpp(132,12): warning C4244: 'initializing': conversion from 'float' to 'int', possible loss of data
C:\Users\Sam Hallam\Desktop\CSCE 491\Simulator\src\main.cpp(150,44): warning C4244: 'argument': conversion from 'int' to 'T', possible loss of data
          with
          [
              T=float
          ]
C:\Users\Sam Hallam\Desktop\CSCE 491\Simulator\src\main.cpp(150,41): warning C4244: 'argument': conversion from 'int' to 'T', possible loss of data
          with
          [
              T=float
          ]
C:\Users\Sam Hallam\Desktop\CSCE 491\Simulator\src\main.cpp(150,38): warning C4244: 'argument': conversion from 'int' to 'T', possible loss of data
          with
          [
              T=float
          ]
C:\Users\Sam Hallam\Desktop\CSCE 491\Simulator\src\main.cpp(279,20): warning C4244: 'initializing': conversion from 'double' to 'float', possible loss of data
C:\Users\Sam Hallam\Desktop\CSCE 491\Simulator\src\main.cpp(307,20): warning C4244: 'initializing': conversion from 'double' to 'float', possible loss of data
C:\Users\Sam Hallam\Desktop\CSCE 491\Simulator\src\main.cpp(348,20): warning C4244: 'initializing': conversion from 'double' to 'float', possible loss of data
C:\Users\Sam Hallam\Desktop\CSCE 491\Simulator\src\main.cpp(388,20): warning C4244: 'initializing': conversion from 'double' to 'float', possible loss of data
C:\Users\Sam Hallam\Desktop\CSCE 491\Simulator\src\main.cpp(416,20): warning C4244: 'initializing': conversion from 'double' to 'float', possible loss of data
C:\Users\Sam Hallam\Desktop\CSCE 491\Simulator\src\main.cpp(621,18): warning C4244: 'initializing': conversion from 'double' to 'float', possible loss of data
C:\Users\Sam Hallam\Desktop\CSCE 491\Simulator\src\main.cpp(628,18): warning C4244: 'initializing': conversion from 'double' to 'float', possible loss of data
  SPH_Simulator.vcxproj -> C:\Users\Sam Hallam\Desktop\CSCE 491\Simulator\simulator\Debug\SPH_Simulator.exe
