c:\users\sam hallam\desktop\csce 491\simulator\sph_simulator\simulator\sph_simulator.dir\release\main.obj
c:\users\sam hallam\desktop\csce 491\simulator\sph_simulator\simulator\sph_simulator.dir\release\imgui_stdlib.obj
c:\users\sam hallam\desktop\csce 491\simulator\sph_simulator\simulator\sph_simulator.dir\release\imgui_widgets.obj
c:\users\sam hallam\desktop\csce 491\simulator\sph_simulator\simulator\sph_simulator.dir\release\imgui_tables.obj
c:\users\sam hallam\desktop\csce 491\simulator\sph_simulator\simulator\sph_simulator.dir\release\imgui_draw.obj
c:\users\sam hallam\desktop\csce 491\simulator\sph_simulator\simulator\sph_simulator.dir\release\imgui.obj
c:\users\sam hallam\desktop\csce 491\simulator\sph_simulator\simulator\sph_simulator.dir\release\imgui_impl_opengl3.obj
c:\users\sam hallam\desktop\csce 491\simulator\sph_simulator\simulator\sph_simulator.dir\release\imgui_impl_glfw.obj
c:\users\sam hallam\desktop\csce 491\simulator\sph_simulator\simulator\sph_simulator.dir\release\shape.obj
c:\users\sam hallam\desktop\csce 491\simulator\sph_simulator\simulator\sph_simulator.dir\release\program.obj
c:\users\sam hallam\desktop\csce 491\simulator\sph_simulator\simulator\sph_simulator.dir\release\matrixstack.obj
c:\users\sam hallam\desktop\csce 491\simulator\sph_simulator\simulator\sph_simulator.dir\release\glsl.obj
c:\users\sam hallam\desktop\csce 491\simulator\sph_simulator\simulator\cmakefiles\generate.stamp
c:\users\sam hallam\desktop\csce 491\simulator\sph_simulator\simulator\release\sph_simulator.exe
c:\users\sam hallam\desktop\csce 491\simulator\sph_simulator\simulator\sph_simulator.dir\release\sph_simulator.tlog\cl.command.1.tlog
c:\users\sam hallam\desktop\csce 491\simulator\sph_simulator\simulator\sph_simulator.dir\release\sph_simulator.tlog\cl.read.1.tlog
c:\users\sam hallam\desktop\csce 491\simulator\sph_simulator\simulator\sph_simulator.dir\release\sph_simulator.tlog\cl.write.1.tlog
c:\users\sam hallam\desktop\csce 491\simulator\sph_simulator\simulator\sph_simulator.dir\release\sph_simulator.tlog\custombuild.command.1.tlog
c:\users\sam hallam\desktop\csce 491\simulator\sph_simulator\simulator\sph_simulator.dir\release\sph_simulator.tlog\custombuild.read.1.tlog
c:\users\sam hallam\desktop\csce 491\simulator\sph_simulator\simulator\sph_simulator.dir\release\sph_simulator.tlog\custombuild.write.1.tlog
c:\users\sam hallam\desktop\csce 491\simulator\sph_simulator\simulator\sph_simulator.dir\release\sph_simulator.tlog\link.command.1.tlog
c:\users\sam hallam\desktop\csce 491\simulator\sph_simulator\simulator\sph_simulator.dir\release\sph_simulator.tlog\link.read.1.tlog
c:\users\sam hallam\desktop\csce 491\simulator\sph_simulator\simulator\sph_simulator.dir\release\sph_simulator.tlog\link.write.1.tlog
