  main.cpp
C:\Users\Sam Hallam\Desktop\CSCE 491\Simulator\SPH_Simulator\src\Kernel.h(25,22): warning C4244: 'initializing': conversion from 'double' to 'float', possible loss of data
C:\Users\Sam Hallam\Desktop\CSCE 491\Simulator\SPH_Simulator\src\Kernel.h(55,22): warning C4244: 'initializing': conversion from 'double' to 'float', possible loss of data
C:\Users\Sam Hallam\Desktop\CSCE 491\Simulator\SPH_Simulator\src\Kernel.h(69,22): warning C4244: 'initializing': conversion from 'double' to 'float', possible loss of data
C:\Users\Sam Hallam\Desktop\CSCE 491\Simulator\SPH_Simulator\src\Kernel.h(82,22): warning C4244: 'initializing': conversion from 'double' to 'float', possible loss of data
C:\Users\Sam Hallam\Desktop\CSCE 491\Simulator\SPH_Simulator\src\Kernel.h(95,22): warning C4244: 'initializing': conversion from 'double' to 'float', possible loss of data
C:\Users\Sam Hallam\Desktop\CSCE 491\Simulator\SPH_Simulator\src\main.cpp(187,17): warning C4244: '=': conversion from 'double' to 'T', possible loss of data
          with
          [
              T=float
          ]
C:\Users\Sam Hallam\Desktop\CSCE 491\Simulator\SPH_Simulator\src\main.cpp(188,17): warning C4244: '=': conversion from 'double' to 'T', possible loss of data
          with
          [
              T=float
          ]
C:\Users\Sam Hallam\Desktop\CSCE 491\Simulator\SPH_Simulator\src\main.cpp(234,68): warning C4244: 'argument': conversion from 'int' to 'float', possible loss of data
C:\Users\Sam Hallam\Desktop\CSCE 491\Simulator\SPH_Simulator\src\main.cpp(236,12): warning C4244: 'initializing': conversion from 'float' to 'int', possible loss of data
C:\Users\Sam Hallam\Desktop\CSCE 491\Simulator\SPH_Simulator\src\main.cpp(238,12): warning C4244: 'initializing': conversion from 'float' to 'int', possible loss of data
C:\Users\Sam Hallam\Desktop\CSCE 491\Simulator\SPH_Simulator\src\main.cpp(240,12): warning C4244: 'initializing': conversion from 'float' to 'int', possible loss of data
C:\Users\Sam Hallam\Desktop\CSCE 491\Simulator\SPH_Simulator\src\main.cpp(242,13): warning C4244: 'initializing': conversion from 'float' to 'int', possible loss of data
C:\Users\Sam Hallam\Desktop\CSCE 491\Simulator\SPH_Simulator\src\main.cpp(255,22): warning C4244: 'initializing': conversion from 'double' to 'float', possible loss of data
C:\Users\Sam Hallam\Desktop\CSCE 491\Simulator\SPH_Simulator\src\main.cpp(258,23): warning C4244: '+=': conversion from 'double' to 'float', possible loss of data
C:\Users\Sam Hallam\Desktop\CSCE 491\Simulator\SPH_Simulator\src\main.cpp(282,72): warning C4267: 'initializing': conversion from 'size_t' to 'int', possible loss of data
C:\Users\Sam Hallam\Desktop\CSCE 491\Simulator\SPH_Simulator\src\main.cpp(293,15): warning C4244: 'initializing': conversion from 'double' to 'float', possible loss of data
C:\Users\Sam Hallam\Desktop\CSCE 491\Simulator\SPH_Simulator\src\main.cpp(303,15): warning C4244: '=': conversion from 'double' to 'float', possible loss of data
C:\Users\Sam Hallam\Desktop\CSCE 491\Simulator\SPH_Simulator\src\main.cpp(304,15): warning C4244: '=': conversion from 'double' to 'float', possible loss of data
C:\Users\Sam Hallam\Desktop\CSCE 491\Simulator\SPH_Simulator\src\main.cpp(305,15): warning C4244: '=': conversion from 'double' to 'float', possible loss of data
C:\Users\Sam Hallam\Desktop\CSCE 491\Simulator\SPH_Simulator\src\main.cpp(335,12): warning C4244: 'initializing': conversion from 'float' to 'int', possible loss of data
C:\Users\Sam Hallam\Desktop\CSCE 491\Simulator\SPH_Simulator\src\main.cpp(336,12): warning C4244: 'initializing': conversion from 'float' to 'int', possible loss of data
C:\Users\Sam Hallam\Desktop\CSCE 491\Simulator\SPH_Simulator\src\main.cpp(346,13): warning C4244: 'initializing': conversion from 'int' to 'float', possible loss of data
C:\Users\Sam Hallam\Desktop\CSCE 491\Simulator\SPH_Simulator\src\main.cpp(347,13): warning C4244: 'initializing': conversion from 'int' to 'float', possible loss of data
C:\Users\Sam Hallam\Desktop\CSCE 491\Simulator\SPH_Simulator\src\main.cpp(348,13): warning C4244: 'initializing': conversion from 'int' to 'float', possible loss of data
C:\Users\Sam Hallam\Desktop\CSCE 491\Simulator\SPH_Simulator\src\main.cpp(464,16): warning C4244: 'initializing': conversion from 'int' to 'float', possible loss of data
C:\Users\Sam Hallam\Desktop\CSCE 491\Simulator\SPH_Simulator\src\main.cpp(771,27): warning C4244: 'initializing': conversion from 'double' to 'float', possible loss of data
C:\Users\Sam Hallam\Desktop\CSCE 491\Simulator\SPH_Simulator\src\main.cpp(1063,70): warning C4244: 'argument': conversion from 'int' to 'float', possible loss of data
C:\Users\Sam Hallam\Desktop\CSCE 491\Simulator\SPH_Simulator\src\main.cpp(1103,70): warning C4244: 'argument': conversion from 'int' to 'float', possible loss of data
C:\Users\Sam Hallam\Desktop\CSCE 491\Simulator\SPH_Simulator\src\main.cpp(1188,18): warning C4244: 'initializing': conversion from 'double' to 'float', possible loss of data
C:\Users\Sam Hallam\Desktop\CSCE 491\Simulator\SPH_Simulator\src\main.cpp(1205,19): warning C4244: 'initializing': conversion from 'double' to 'float', possible loss of data
LINK : warning LNK4098: defaultlib 'LIBCMT' conflicts with use of other libs; use /NODEFAULTLIB:library
  SPH_Simulator.vcxproj -> C:\Users\Sam Hallam\Desktop\CSCE 491\Simulator\SPH_Simulator\simulator\Release\SPH_Simulator.exe
