  main.cpp
C:\Users\Sam Hallam\Desktop\CSCE 491\Simulator\SPH_Simulator\src\Kernel.h(31,22): warning C4244: 'initializing': conversion from 'double' to 'float', possible loss of data
C:\Users\Sam Hallam\Desktop\CSCE 491\Simulator\SPH_Simulator\src\Kernel.h(51,22): warning C4244: 'initializing': conversion from 'double' to 'float', possible loss of data
C:\Users\Sam Hallam\Desktop\CSCE 491\Simulator\SPH_Simulator\src\Kernel.h(71,22): warning C4244: 'initializing': conversion from 'double' to 'float', possible loss of data
C:\Users\Sam Hallam\Desktop\CSCE 491\Simulator\SPH_Simulator\src\Kernel.h(92,22): warning C4244: 'initializing': conversion from 'double' to 'float', possible loss of data
C:\Users\Sam Hallam\Desktop\CSCE 491\Simulator\SPH_Simulator\src\Kernel.h(112,22): warning C4244: 'initializing': conversion from 'double' to 'float', possible loss of data
C:\Users\Sam Hallam\Desktop\CSCE 491\Simulator\SPH_Simulator\src\Kernel.h(132,22): warning C4244: 'initializing': conversion from 'double' to 'float', possible loss of data
C:\Users\Sam Hallam\Desktop\CSCE 491\Simulator\SPH_Simulator\src\main.cpp(127,17): warning C4244: '=': conversion from 'double' to 'T', possible loss of data
          with
          [
              T=float
          ]
C:\Users\Sam Hallam\Desktop\CSCE 491\Simulator\SPH_Simulator\src\main.cpp(128,17): warning C4244: '=': conversion from 'double' to 'T', possible loss of data
          with
          [
              T=float
          ]
C:\Users\Sam Hallam\Desktop\CSCE 491\Simulator\SPH_Simulator\src\main.cpp(299,26): warning C4244: 'initializing': conversion from 'double' to 'float', possible loss of data
C:\Users\Sam Hallam\Desktop\CSCE 491\Simulator\SPH_Simulator\src\main.cpp(340,27): warning C4244: 'initializing': conversion from 'double' to 'float', possible loss of data
C:\Users\Sam Hallam\Desktop\CSCE 491\Simulator\SPH_Simulator\src\main.cpp(382,12): warning C4244: 'initializing': conversion from 'float' to 'int', possible loss of data
C:\Users\Sam Hallam\Desktop\CSCE 491\Simulator\SPH_Simulator\src\main.cpp(383,12): warning C4244: 'initializing': conversion from 'float' to 'int', possible loss of data
C:\Users\Sam Hallam\Desktop\CSCE 491\Simulator\SPH_Simulator\src\main.cpp(394,22): warning C4244: 'initializing': conversion from 'double' to 'float', possible loss of data
C:\Users\Sam Hallam\Desktop\CSCE 491\Simulator\SPH_Simulator\src\main.cpp(420,12): warning C4244: 'initializing': conversion from 'float' to 'int', possible loss of data
C:\Users\Sam Hallam\Desktop\CSCE 491\Simulator\SPH_Simulator\src\main.cpp(421,12): warning C4244: 'initializing': conversion from 'float' to 'int', possible loss of data
C:\Users\Sam Hallam\Desktop\CSCE 491\Simulator\SPH_Simulator\src\main.cpp(439,44): warning C4244: 'argument': conversion from 'int' to 'T', possible loss of data
          with
          [
              T=float
          ]
C:\Users\Sam Hallam\Desktop\CSCE 491\Simulator\SPH_Simulator\src\main.cpp(439,41): warning C4244: 'argument': conversion from 'int' to 'T', possible loss of data
          with
          [
              T=float
          ]
C:\Users\Sam Hallam\Desktop\CSCE 491\Simulator\SPH_Simulator\src\main.cpp(439,38): warning C4244: 'argument': conversion from 'int' to 'T', possible loss of data
          with
          [
              T=float
          ]
C:\Users\Sam Hallam\Desktop\CSCE 491\Simulator\SPH_Simulator\src\main.cpp(1008,18): warning C4244: 'initializing': conversion from 'double' to 'float', possible loss of data
C:\Users\Sam Hallam\Desktop\CSCE 491\Simulator\SPH_Simulator\src\main.cpp(1026,19): warning C4244: 'initializing': conversion from 'double' to 'float', possible loss of data
  SPH_Simulator.vcxproj -> C:\Users\Sam Hallam\Desktop\CSCE 491\Simulator\SPH_Simulator\simulator_3\Debug\SPH_Simulator.exe
